/--------------------\
|  ViReport v0.0.1   |
| Niema Moshiri 2020 |
\--------------------/

========================   Workflow Process   ========================
[2020-06-03 21:39:10] ViReport was run as follows: /home/niemamoshiri/ViReport/ViReport.py -s sequences.fasta.gz -t dates.tsv -c countries.tsv --format Markdown -o miranda_out -mt --date LSD2 --msa Minimap2 -r NC_045512 --phylo FastTree
[2020-06-03 21:39:10] Output directory: /mnt/disks/vireport-store/ViReport_SARS-CoV-2_Inputs/miranda_out
[2020-06-03 21:39:10] Starting viral analysis workflow...

[2020-06-03 21:39:10] Initializing module implementations...
[2020-06-03 21:39:10] Finished initializing 13 module implementations

[2020-06-03 21:39:10] Running 'Preprocessing_SafeNames'...
[2020-06-03 21:39:12] Preprocessed sequences output to: /mnt/disks/vireport-store/ViReport_SARS-CoV-2_Inputs/miranda_out/output_files/sequences_safe.fas
[2020-06-03 21:39:12] Preprocessed reference ID: NC_045512
[2020-06-03 21:39:12] Preprocessed sample times output to: /mnt/disks/vireport-store/ViReport_SARS-CoV-2_Inputs/miranda_out/output_files/times_safe.txt
[2020-06-03 21:39:12] Preprocessed sample categories output to: /mnt/disks/vireport-store/ViReport_SARS-CoV-2_Inputs/miranda_out/output_files/categories_safe.txt

[2020-06-03 21:39:12] Running 'MultipleSequenceAlignment_Minimap2'...
[2020-06-03 21:39:16] Multiple sequence alignment output to: /mnt/disks/vireport-store/ViReport_SARS-CoV-2_Inputs/miranda_out/output_files/sequences_safe.aln

[2020-06-03 21:39:16] Running 'PairwiseDistancesSequence_tn93'...
[2020-06-03 21:39:51] Pairwise sequence distances output to: /mnt/disks/vireport-store/ViReport_SARS-CoV-2_Inputs/miranda_out/output_files/pairwise_distances_sequence.csv

[2020-06-03 21:39:51] Running 'PhylogeneticInference_FastTree'...
[2020-06-03 22:54:49] Inferred (unrooted) phylogeny output to: /mnt/disks/vireport-store/ViReport_SARS-CoV-2_Inputs/miranda_out/output_files/unrooted.tre

[2020-06-03 22:54:49] Running 'PairwiseDistancesTree_TreeSwift'...
[2020-06-03 22:55:06] Pairwise phylogenetic distances output to: /mnt/disks/vireport-store/ViReport_SARS-CoV-2_Inputs/miranda_out/output_files/pairwise_distances_phylogeny.csv

[2020-06-03 22:55:06] Running 'Rooting_MinVar'...
[2020-06-03 22:55:07] Rooted phylogeny output to: /mnt/disks/vireport-store/ViReport_SARS-CoV-2_Inputs/miranda_out/output_files/rooted.tre

[2020-06-03 22:55:07] Running 'Dating_LSD2'...
[2020-06-03 22:55:12] Dated phylogeny output to: /mnt/disks/vireport-store/ViReport_SARS-CoV-2_Inputs/miranda_out/output_files/dated.tre

[2020-06-03 22:55:12] Running 'AncestralSequenceReconstruction_TreeTime'...
[2020-06-03 23:00:03] Ancestral sequence(s) output to: /mnt/disks/vireport-store/ViReport_SARS-CoV-2_Inputs/miranda_out/output_files/ancestral_sequences.fas

[2020-06-03 23:00:03] Running 'TransmissionClustering_TreeN93TreeDists'...
[2020-06-03 23:04:43] Transmission clusters output to: /mnt/disks/vireport-store/ViReport_SARS-CoV-2_Inputs/miranda_out/output_files/transmission_clusters.tsv

[2020-06-03 23:04:43] Writing report using 'WriteReport_Default'...
[2020-06-03 23:07:53] Report written to: /mnt/disks/vireport-store/ViReport_SARS-CoV-2_Inputs/miranda_out/Report.md


==========================   Information   ===========================
Output Size (bytes): 1587752505
Execution Time (seconds): 5322


===========================   Citations   ============================
Le S.Q., Gascuel O. (2008). "An Improved General Amino Acid Replacement Matrix". Molecular Biology and Evolution. 25(7), 1307-1320.
Li H. (2018). "Minimap2: pairwise alignment for nucleotide sequences". Bioinformatics. 34(18), 3094-3100.
Mai U., Sayyari E., Mirarab S. (2017). "Minimum Variance Rooting of Phylogenetic Trees and Implications for Species Tree Reconstruction". PLoS ONE. 12(8), e0182238.
Moshiri N. (2018). "TreeN93: a non-parametric distance-based method for inferring viral transmission clusters". bioRxiv.
Moshiri N. (2020). "TreeSwift: a massively scalable Python tree package". SoftwareX. In press.
Moshiri N. (2020). "ViReport" (https://github.com/niemasd/ViReport).
Pond S.L.K., Weaver S., Leigh Brown A.J., Wertheim J.O. (2018). "HIV-TRACE (TRAnsmission Cluster Engine): a Tool for Large Scale Molecular Epidemiology of HIV-1 and Other Rapidly Evolving Pathogens". Molecular Biology and Evolution. 35(7), 1812-1819.
Price M.N., Dehal P.S., Arkin A.P. (2010). "FastTree 2 -- Approximately Maximum-Likelihood Trees for Large Alignments". PLoS ONE. 5(3), e9490.
Sagulenko P., Puller V., Neher R.A. (2018). "TreeTime: Maximum-likelihood phylodynamic analysis". Virus Evolution. 4(1), vex042.
Tavare S. (1986). ""Some Probabilistic and Statistical Problems in the Analysis of DNA Sequences". Lectures on Mathematics in the Life Sciences. 17, 57-86.
To T.H., Jung M., Lycett S., Gascuel O. (2016). "Fast dating using least-squares criteria and algorithms". Systematic Biology. 65(1), 82-97.
